<?xml version="1.0" encoding="UTF-8"?>
<!-- Generated by org.testng.reporters.JUnitReportReporter -->
<testsuite hostname="LAPTOP-F60A8I5G" failures="0" tests="1" name="com.runnerclass.OpenMRS_Runner" time="11.051" errors="0" timestamp="2024-11-22T10:14:51 IST" skipped="0">
  <testcase classname="com.runnerclass.OpenMRS_Runner" name="validUserNameAndValidPasswordTest" time="11.051"/>
</testsuite> <!-- com.runnerclass.OpenMRS_Runner -->
