<?xml version="1.0" encoding="UTF-8"?>
<!-- Generated by org.testng.reporters.JUnitReportReporter -->
<testsuite hostname="LAPTOP-F60A8I5G" failures="0" tests="3" name="com.TestNG.SimpleAnnotations" time="0.038" errors="0" timestamp="2024-11-18T14:55:30 IST" skipped="0">
  <testcase classname="com.TestNG.SimpleAnnotations" name="men" time="0.011"/>
  <testcase classname="com.TestNG.SimpleAnnotations" name="women" time="0.016"/>
  <testcase classname="com.TestNG.SimpleAnnotations" name="kids" time="0.011"/>
</testsuite> <!-- com.TestNG.SimpleAnnotations -->
