<?xml version="1.0" encoding="UTF-8"?>
<!-- Generated by org.testng.reporters.JUnitReportReporter -->
<testsuite hostname="LAPTOP-F60A8I5G" failures="0" tests="7" name="com.TestNG.InvocationCount" time="44.814" errors="0" timestamp="2024-11-22T10:10:01 IST" skipped="0">
  <testcase classname="com.TestNG.InvocationCount" name="firefoxBrowser" time="12.953"/>
  <testcase classname="com.TestNG.InvocationCount" name="chromeBrowser" time="5.271"/>
  <testcase classname="com.TestNG.InvocationCount" name="chromeBrowser" time="4.893"/>
  <testcase classname="com.TestNG.InvocationCount" name="chromeBrowser" time="5.528"/>
  <testcase classname="com.TestNG.InvocationCount" name="chromeBrowser" time="4.905"/>
  <testcase classname="com.TestNG.InvocationCount" name="chromeBrowser" time="3.891"/>
  <testcase classname="com.TestNG.InvocationCount" name="edgeBrowser" time="7.373"/>
</testsuite> <!-- com.TestNG.InvocationCount -->
