<?xml version="1.0" encoding="UTF-8"?>
<!-- Generated by org.testng.reporters.JUnitReportReporter -->
<testsuite hostname="LAPTOP-F60A8I5G" failures="0" tests="3" name="com.TestNG.CrossBrowserTesting" time="30.136" errors="0" timestamp="2024-11-18T14:55:30 IST" skipped="0">
  <testcase classname="com.TestNG.CrossBrowserTesting" name="firefoxBrowser" time="12.734"/>
  <testcase classname="com.TestNG.CrossBrowserTesting" name="chromeBrowser" time="8.712"/>
  <testcase classname="com.TestNG.CrossBrowserTesting" name="edgeBrowser" time="8.690"/>
</testsuite> <!-- com.TestNG.CrossBrowserTesting -->
