<?xml version="1.0" encoding="UTF-8"?>
<!-- Generated by org.testng.reporters.JUnitReportReporter -->
<testsuite hostname="LAPTOP-F60A8I5G" failures="0" tests="3" name="com.TestNG.DataProviderTest" time="22.998" errors="0" timestamp="2024-11-22T10:07:40 IST" skipped="0">
  <testcase classname="com.TestNG.DataProviderTest" name="login" time="10.736"/>
  <testcase classname="com.TestNG.DataProviderTest" name="login" time="6.152"/>
  <testcase classname="com.TestNG.DataProviderTest" name="login" time="6.110"/>
</testsuite> <!-- com.TestNG.DataProviderTest -->
